{"/var/www/auth_service/src/server.ts": {"path":"/var/www/auth_service/src/server.ts","statementMap":{"0":{"start":{"line":1,"column":0},"end":{"line":1,"column":30}},"1":{"start":{"line":2,"column":0},"end":{"line":2,"column":37}},"2":{"start":{"line":3,"column":0},"end":{"line":3,"column":24}},"3":{"start":{"line":4,"column":0},"end":{"line":4,"column":43}},"4":{"start":{"line":5,"column":0},"end":{"line":5,"column":58}},"5":{"start":{"line":6,"column":0},"end":{"line":6,"column":42}},"6":{"start":{"line":7,"column":0},"end":{"line":7,"column":41}},"7":{"start":{"line":9,"column":12},"end":{"line":9,"column":21}},"8":{"start":{"line":11,"column":0},"end":{"line":18,"column":66}},"9":{"start":{"line":20,"column":0},"end":{"line":22,"column":3}},"10":{"start":{"line":20,"column":32},"end":{"line":22,"column":2}},"11":{"start":{"line":21,"column":1},"end":{"line":21,"column":40}},"12":{"start":{"line":24,"column":0},"end":{"line":24,"column":19}}},"fnMap":{"0":{"name":"(anonymous_8)","decl":{"start":{"line":20,"column":13},"end":{"line":20,"column":20}},"loc":{"start":{"line":20,"column":32},"end":{"line":22,"column":2}}},"1":{"name":"(anonymous_9)","decl":{"start":{"line":20,"column":32},"end":{"line":20,"column":null}},"loc":{"start":{"line":20,"column":32},"end":{"line":22,"column":1}}}},"branchMap":{},"s":{"0":1,"1":1,"2":1,"3":1,"4":1,"5":1,"6":1,"7":1,"8":1,"9":1,"10":0,"11":0,"12":1},"f":{"0":0,"1":0},"b":{}}
,"/var/www/auth_service/src/app/controllers/auth.ts": {"path":"/var/www/auth_service/src/app/controllers/auth.ts","statementMap":{"0":{"start":{"line":1,"column":0},"end":{"line":1,"column":37}},"1":{"start":{"line":3,"column":0},"end":{"line":3,"column":58}},"2":{"start":{"line":6,"column":23},"end":{"line":14,"column":2}},"3":{"start":{"line":6,"column":42},"end":{"line":14,"column":2}},"4":{"start":{"line":7,"column":19},"end":{"line":7,"column":66}},"5":{"start":{"line":8,"column":1},"end":{"line":10,"column":2}},"6":{"start":{"line":9,"column":2},"end":{"line":9,"column":39}},"7":{"start":{"line":12,"column":16},"end":{"line":12,"column":42}},"8":{"start":{"line":13,"column":1},"end":{"line":13,"column":41}},"9":{"start":{"line":16,"column":26},"end":{"line":24,"column":2}},"10":{"start":{"line":16,"column":45},"end":{"line":24,"column":2}},"11":{"start":{"line":17,"column":19},"end":{"line":17,"column":69}},"12":{"start":{"line":18,"column":1},"end":{"line":20,"column":2}},"13":{"start":{"line":19,"column":2},"end":{"line":19,"column":39}},"14":{"start":{"line":22,"column":16},"end":{"line":22,"column":45}},"15":{"start":{"line":23,"column":1},"end":{"line":23,"column":41}},"16":{"start":{"line":26,"column":24},"end":{"line":29,"column":2}},"17":{"start":{"line":26,"column":43},"end":{"line":29,"column":2}},"18":{"start":{"line":27,"column":16},"end":{"line":27,"column":51}},"19":{"start":{"line":28,"column":1},"end":{"line":28,"column":41}},"20":{"start":{"line":31,"column":0},"end":{"line":35,"column":2}}},"fnMap":{"0":{"name":"(anonymous_8)","decl":{"start":{"line":6,"column":23},"end":{"line":6,"column":30}},"loc":{"start":{"line":6,"column":42},"end":{"line":14,"column":2}}},"1":{"name":"(anonymous_9)","decl":{"start":{"line":6,"column":42},"end":{"line":6,"column":null}},"loc":{"start":{"line":6,"column":42},"end":{"line":14,"column":1}}},"2":{"name":"(anonymous_10)","decl":{"start":{"line":16,"column":26},"end":{"line":16,"column":33}},"loc":{"start":{"line":16,"column":45},"end":{"line":24,"column":2}}},"3":{"name":"(anonymous_11)","decl":{"start":{"line":16,"column":45},"end":{"line":16,"column":null}},"loc":{"start":{"line":16,"column":45},"end":{"line":24,"column":1}}},"4":{"name":"(anonymous_12)","decl":{"start":{"line":26,"column":24},"end":{"line":26,"column":31}},"loc":{"start":{"line":26,"column":43},"end":{"line":29,"column":2}}},"5":{"name":"(anonymous_13)","decl":{"start":{"line":26,"column":43},"end":{"line":26,"column":null}},"loc":{"start":{"line":26,"column":43},"end":{"line":29,"column":1}}}},"branchMap":{"0":{"loc":{"start":{"line":8,"column":1},"end":{"line":10,"column":2}},"type":"if","locations":[{"start":{"line":8,"column":1},"end":{"line":10,"column":2}}]},"1":{"loc":{"start":{"line":18,"column":1},"end":{"line":20,"column":2}},"type":"if","locations":[{"start":{"line":18,"column":1},"end":{"line":20,"column":2}}]}},"s":{"0":1,"1":1,"2":1,"3":3,"4":3,"5":3,"6":0,"7":3,"8":3,"9":1,"10":2,"11":2,"12":2,"13":1,"14":1,"15":1,"16":1,"17":0,"18":0,"19":0,"20":1},"f":{"0":3,"1":3,"2":2,"3":2,"4":0,"5":0},"b":{"0":[0],"1":[1]}}
,"/var/www/auth_service/src/app/middlewares/replyHandler.ts": {"path":"/var/www/auth_service/src/app/middlewares/replyHandler.ts","statementMap":{"0":{"start":{"line":3,"column":30},"end":{"line":13,"column":1}},"1":{"start":{"line":4,"column":1},"end":{"line":10,"column":3}},"2":{"start":{"line":5,"column":2},"end":{"line":9,"column":5}},"3":{"start":{"line":12,"column":1},"end":{"line":12,"column":8}},"4":{"start":{"line":15,"column":0},"end":{"line":15,"column":28}}},"fnMap":{"0":{"name":"(anonymous_0)","decl":{"start":{"line":3,"column":30},"end":{"line":3,"column":31}},"loc":{"start":{"line":3,"column":49},"end":{"line":13,"column":1}}},"1":{"name":"(anonymous_1)","decl":{"start":{"line":4,"column":13},"end":{"line":4,"column":17}},"loc":{"start":{"line":4,"column":48},"end":{"line":10,"column":2}}}},"branchMap":{},"s":{"0":1,"1":5,"2":5,"3":5,"4":1},"f":{"0":5,"1":5},"b":{}}
,"/var/www/auth_service/src/app/models/auth.ts": {"path":"/var/www/auth_service/src/app/models/auth.ts","statementMap":{"0":{"start":{"line":1,"column":0},"end":{"line":1,"column":28}},"1":{"start":{"line":2,"column":0},"end":{"line":2,"column":40}},"2":{"start":{"line":6,"column":0},"end":{"line":6,"column":46}},"3":{"start":{"line":7,"column":0},"end":{"line":7,"column":49}},"4":{"start":{"line":9,"column":26},"end":{"line":9,"column":33}},"5":{"start":{"line":10,"column":11},"end":{"line":10,"column":23}},"6":{"start":{"line":25,"column":16},"end":{"line":32,"column":2}},"7":{"start":{"line":25,"column":55},"end":{"line":32,"column":2}},"8":{"start":{"line":26,"column":20},"end":{"line":29,"column":10}},"9":{"start":{"line":31,"column":1},"end":{"line":31,"column":13}},"10":{"start":{"line":34,"column":14},"end":{"line":71,"column":2}},"11":{"start":{"line":36,"column":60},"end":{"line":71,"column":2}},"12":{"start":{"line":37,"column":1},"end":{"line":70,"column":2}},"13":{"start":{"line":38,"column":21},"end":{"line":38,"column":49}},"14":{"start":{"line":40,"column":2},"end":{"line":45,"column":3}},"15":{"start":{"line":41,"column":3},"end":{"line":44,"column":5}},"16":{"start":{"line":47,"column":2},"end":{"line":52,"column":3}},"17":{"start":{"line":48,"column":3},"end":{"line":51,"column":5}},"18":{"start":{"line":54,"column":32},"end":{"line":57,"column":4}},"19":{"start":{"line":59,"column":2},"end":{"line":64,"column":4}},"20":{"start":{"line":66,"column":2},"end":{"line":69,"column":4}},"21":{"start":{"line":73,"column":17},"end":{"line":102,"column":2}},"22":{"start":{"line":75,"column":44},"end":{"line":102,"column":2}},"23":{"start":{"line":76,"column":1},"end":{"line":101,"column":2}},"24":{"start":{"line":77,"column":21},"end":{"line":77,"column":49}},"25":{"start":{"line":79,"column":2},"end":{"line":84,"column":3}},"26":{"start":{"line":80,"column":3},"end":{"line":83,"column":5}},"27":{"start":{"line":86,"column":2},"end":{"line":90,"column":5}},"28":{"start":{"line":92,"column":2},"end":{"line":95,"column":4}},"29":{"start":{"line":97,"column":2},"end":{"line":100,"column":4}},"30":{"start":{"line":104,"column":15},"end":{"line":120,"column":2}},"31":{"start":{"line":106,"column":45},"end":{"line":120,"column":2}},"32":{"start":{"line":107,"column":1},"end":{"line":119,"column":2}},"33":{"start":{"line":108,"column":17},"end":{"line":108,"column":48}},"34":{"start":{"line":110,"column":2},"end":{"line":113,"column":4}},"35":{"start":{"line":115,"column":2},"end":{"line":118,"column":4}},"36":{"start":{"line":122,"column":0},"end":{"line":126,"column":2}}},"fnMap":{"0":{"name":"(anonymous_8)","decl":{"start":{"line":25,"column":16},"end":{"line":25,"column":23}},"loc":{"start":{"line":25,"column":55},"end":{"line":32,"column":2}}},"1":{"name":"(anonymous_9)","decl":{"start":{"line":25,"column":55},"end":{"line":25,"column":null}},"loc":{"start":{"line":25,"column":55},"end":{"line":32,"column":1}}},"2":{"name":"(anonymous_10)","decl":{"start":{"line":34,"column":14},"end":{"line":34,"column":null}},"loc":{"start":{"line":36,"column":60},"end":{"line":71,"column":2}}},"3":{"name":"(anonymous_11)","decl":{"start":{"line":36,"column":60},"end":{"line":36,"column":null}},"loc":{"start":{"line":36,"column":60},"end":{"line":71,"column":1}}},"4":{"name":"(anonymous_12)","decl":{"start":{"line":73,"column":17},"end":{"line":73,"column":null}},"loc":{"start":{"line":75,"column":44},"end":{"line":102,"column":2}}},"5":{"name":"(anonymous_13)","decl":{"start":{"line":75,"column":44},"end":{"line":75,"column":null}},"loc":{"start":{"line":75,"column":44},"end":{"line":102,"column":1}}},"6":{"name":"(anonymous_14)","decl":{"start":{"line":104,"column":15},"end":{"line":104,"column":null}},"loc":{"start":{"line":106,"column":45},"end":{"line":120,"column":2}}},"7":{"name":"(anonymous_15)","decl":{"start":{"line":106,"column":45},"end":{"line":106,"column":null}},"loc":{"start":{"line":106,"column":45},"end":{"line":120,"column":1}}}},"branchMap":{"0":{"loc":{"start":{"line":40,"column":2},"end":{"line":45,"column":3}},"type":"if","locations":[{"start":{"line":40,"column":2},"end":{"line":45,"column":3}}]},"1":{"loc":{"start":{"line":47,"column":2},"end":{"line":52,"column":3}},"type":"if","locations":[{"start":{"line":47,"column":2},"end":{"line":52,"column":3}}]},"2":{"loc":{"start":{"line":79,"column":2},"end":{"line":84,"column":3}},"type":"if","locations":[{"start":{"line":79,"column":2},"end":{"line":84,"column":3}}]}},"s":{"0":1,"1":1,"2":1,"3":1,"4":1,"5":1,"6":1,"7":4,"8":4,"9":4,"10":1,"11":3,"12":3,"13":3,"14":3,"15":1,"16":2,"17":1,"18":1,"19":1,"20":0,"21":1,"22":1,"23":1,"24":1,"25":1,"26":0,"27":1,"28":1,"29":0,"30":1,"31":0,"32":0,"33":0,"34":0,"35":0,"36":1},"f":{"0":4,"1":4,"2":3,"3":3,"4":1,"5":1,"6":0,"7":0},"b":{"0":[1],"1":[1],"2":[0]}}
,"/var/www/auth_service/src/app/routes/auth.ts": {"path":"/var/www/auth_service/src/app/routes/auth.ts","statementMap":{"0":{"start":{"line":1,"column":0},"end":{"line":1,"column":33}},"1":{"start":{"line":2,"column":0},"end":{"line":2,"column":48}},"2":{"start":{"line":4,"column":19},"end":{"line":4,"column":27}},"3":{"start":{"line":6,"column":0},"end":{"line":9,"column":37}},"4":{"start":{"line":11,"column":15},"end":{"line":11,"column":23}},"5":{"start":{"line":12,"column":15},"end":{"line":12,"column":45}},"6":{"start":{"line":13,"column":0},"end":{"line":13,"column":33}},"7":{"start":{"line":15,"column":0},"end":{"line":15,"column":22}}},"fnMap":{},"branchMap":{},"s":{"0":1,"1":1,"2":1,"3":1,"4":1,"5":1,"6":1,"7":1},"f":{},"b":{}}
,"/var/www/auth_service/src/configs/knexfile.ts": {"path":"/var/www/auth_service/src/configs/knexfile.ts","statementMap":{"0":{"start":{"line":3,"column":12},"end":{"line":3,"column":32}},"1":{"start":{"line":5,"column":28},"end":{"line":13,"column":2}},"2":{"start":{"line":15,"column":0},"end":{"line":15,"column":22}}},"fnMap":{},"branchMap":{"0":{"loc":{"start":{"line":8,"column":8},"end":{"line":8,"column":77}},"type":"cond-expr","locations":[{"start":{"line":8,"column":31},"end":{"line":8,"column":50}},{"start":{"line":8,"column":53},"end":{"line":8,"column":77}}]}},"s":{"0":1,"1":1,"2":1},"f":{},"b":{"0":[0,1]}}
,"/var/www/auth_service/src/docs/apiDocs.ts": {"path":"/var/www/auth_service/src/docs/apiDocs.ts","statementMap":{"0":{"start":{"line":1,"column":13},"end":{"line":213,"column":2}}},"fnMap":{},"branchMap":{},"s":{"0":1},"f":{},"b":{}}
,"/var/www/auth_service/src/helpers/authHelper.ts": {"path":"/var/www/auth_service/src/helpers/authHelper.ts","statementMap":{"0":{"start":{"line":1,"column":0},"end":{"line":1,"column":26}},"1":{"start":{"line":2,"column":0},"end":{"line":2,"column":31}},"2":{"start":{"line":9,"column":26},"end":{"line":9,"column":58}},"3":{"start":{"line":11,"column":19},"end":{"line":39,"column":2}},"4":{"start":{"line":13,"column":2},"end":{"line":13,"column":40}},"5":{"start":{"line":17,"column":16},"end":{"line":17,"column":62}},"6":{"start":{"line":18,"column":2},"end":{"line":18,"column":15}},"7":{"start":{"line":22,"column":2},"end":{"line":31,"column":3}},"8":{"start":{"line":23,"column":3},"end":{"line":30,"column":4}},"9":{"start":{"line":24,"column":22},"end":{"line":24,"column":50}},"10":{"start":{"line":25,"column":4},"end":{"line":25,"column":46}},"11":{"start":{"line":27,"column":4},"end":{"line":29,"column":6}},"12":{"start":{"line":33,"column":2},"end":{"line":33,"column":15}},"13":{"start":{"line":37,"column":2},"end":{"line":37,"column":35}},"14":{"start":{"line":41,"column":0},"end":{"line":41,"column":26}}},"fnMap":{"0":{"name":"(anonymous_1)","decl":{"start":{"line":12,"column":19},"end":{"line":12,"column":20}},"loc":{"start":{"line":12,"column":63},"end":{"line":14,"column":2}}},"1":{"name":"(anonymous_2)","decl":{"start":{"line":16,"column":16},"end":{"line":16,"column":17}},"loc":{"start":{"line":16,"column":44},"end":{"line":19,"column":2}}},"2":{"name":"(anonymous_3)","decl":{"start":{"line":21,"column":16},"end":{"line":21,"column":17}},"loc":{"start":{"line":21,"column":34},"end":{"line":34,"column":2}}},"3":{"name":"(anonymous_4)","decl":{"start":{"line":36,"column":11},"end":{"line":36,"column":12}},"loc":{"start":{"line":36,"column":40},"end":{"line":38,"column":2}}}},"branchMap":{"0":{"loc":{"start":{"line":22,"column":2},"end":{"line":31,"column":3}},"type":"if","locations":[{"start":{"line":22,"column":2},"end":{"line":31,"column":3}}]}},"s":{"0":1,"1":1,"2":1,"3":1,"4":2,"5":1,"6":1,"7":0,"8":0,"9":0,"10":0,"11":0,"12":0,"13":1,"14":1},"f":{"0":2,"1":1,"2":0,"3":1},"b":{"0":[0]}}
,"/var/www/auth_service/src/helpers/validationHelper.ts": {"path":"/var/www/auth_service/src/helpers/validationHelper.ts","statementMap":{"0":{"start":{"line":1,"column":0},"end":{"line":1,"column":22}},"1":{"start":{"line":3,"column":20},"end":{"line":6,"column":2}},"2":{"start":{"line":8,"column":23},"end":{"line":12,"column":2}},"3":{"start":{"line":14,"column":0},"end":{"line":17,"column":2}}},"fnMap":{},"branchMap":{},"s":{"0":1,"1":1,"2":1,"3":1},"f":{},"b":{}}
,"/var/www/auth_service/src/schema/authSchema.ts": {"path":"/var/www/auth_service/src/schema/authSchema.ts","statementMap":{"0":{"start":{"line":1,"column":13},"end":{"line":8,"column":2}}},"fnMap":{},"branchMap":{},"s":{"0":1},"f":{},"b":{}}
}
