TN:
SF:src/server.ts
FN:20,(anonymous_8)
FN:20,(anonymous_9)
FNF:2
FNH:0
FNDA:0,(anonymous_8)
FNDA:0,(anonymous_9)
DA:1,1
DA:2,1
DA:3,1
DA:4,1
DA:5,1
DA:6,1
DA:7,1
DA:9,1
DA:11,1
DA:20,1
DA:21,0
DA:24,1
LF:12
LH:11
BRF:0
BRH:0
end_of_record
TN:
SF:src/app/controllers/auth.ts
FN:6,(anonymous_8)
FN:6,(anonymous_9)
FN:16,(anonymous_10)
FN:16,(anonymous_11)
FN:26,(anonymous_12)
FN:26,(anonymous_13)
FNF:6
FNH:4
FNDA:3,(anonymous_8)
FNDA:3,(anonymous_9)
FNDA:2,(anonymous_10)
FNDA:2,(anonymous_11)
FNDA:0,(anonymous_12)
FNDA:0,(anonymous_13)
DA:1,1
DA:3,1
DA:6,3
DA:7,3
DA:8,3
DA:9,0
DA:12,3
DA:13,3
DA:16,2
DA:17,2
DA:18,2
DA:19,1
DA:22,1
DA:23,1
DA:26,1
DA:27,0
DA:28,0
DA:31,1
LF:18
LH:15
BRDA:8,0,0,0
BRDA:18,1,0,1
BRF:2
BRH:1
end_of_record
TN:
SF:src/app/middlewares/replyHandler.ts
FN:3,(anonymous_0)
FN:4,(anonymous_1)
FNF:2
FNH:2
FNDA:5,(anonymous_0)
FNDA:5,(anonymous_1)
DA:3,1
DA:4,5
DA:5,5
DA:12,5
DA:15,1
LF:5
LH:5
BRF:0
BRH:0
end_of_record
TN:
SF:src/app/models/auth.ts
FN:25,(anonymous_8)
FN:25,(anonymous_9)
FN:34,(anonymous_10)
FN:36,(anonymous_11)
FN:73,(anonymous_12)
FN:75,(anonymous_13)
FN:104,(anonymous_14)
FN:106,(anonymous_15)
FNF:8
FNH:6
FNDA:4,(anonymous_8)
FNDA:4,(anonymous_9)
FNDA:3,(anonymous_10)
FNDA:3,(anonymous_11)
FNDA:1,(anonymous_12)
FNDA:1,(anonymous_13)
FNDA:0,(anonymous_14)
FNDA:0,(anonymous_15)
DA:1,1
DA:2,1
DA:6,1
DA:7,1
DA:9,1
DA:10,1
DA:25,4
DA:26,4
DA:31,4
DA:34,1
DA:36,3
DA:37,3
DA:38,3
DA:40,3
DA:41,1
DA:47,2
DA:48,1
DA:54,1
DA:59,1
DA:66,0
DA:73,1
DA:75,1
DA:76,1
DA:77,1
DA:79,1
DA:80,0
DA:86,1
DA:92,1
DA:97,0
DA:104,1
DA:106,0
DA:107,0
DA:108,0
DA:110,0
DA:115,0
DA:122,1
LF:36
LH:28
BRDA:40,0,0,1
BRDA:47,1,0,1
BRDA:79,2,0,0
BRF:3
BRH:2
end_of_record
TN:
SF:src/app/routes/auth.ts
FNF:0
FNH:0
DA:1,1
DA:2,1
DA:4,1
DA:6,1
DA:11,1
DA:12,1
DA:13,1
DA:15,1
LF:8
LH:8
BRF:0
BRH:0
end_of_record
TN:
SF:src/configs/knexfile.ts
FNF:0
FNH:0
DA:3,1
DA:5,1
DA:15,1
LF:3
LH:3
BRDA:8,0,0,0
BRDA:8,0,1,1
BRF:2
BRH:1
end_of_record
TN:
SF:src/docs/apiDocs.ts
FNF:0
FNH:0
DA:1,1
LF:1
LH:1
BRF:0
BRH:0
end_of_record
TN:
SF:src/helpers/authHelper.ts
FN:12,(anonymous_1)
FN:16,(anonymous_2)
FN:21,(anonymous_3)
FN:36,(anonymous_4)
FNF:4
FNH:3
FNDA:2,(anonymous_1)
FNDA:1,(anonymous_2)
FNDA:0,(anonymous_3)
FNDA:1,(anonymous_4)
DA:1,1
DA:2,1
DA:9,1
DA:11,1
DA:13,2
DA:17,1
DA:18,1
DA:22,0
DA:23,0
DA:24,0
DA:25,0
DA:27,0
DA:33,0
DA:37,1
DA:41,1
LF:15
LH:9
BRDA:22,0,0,0
BRF:1
BRH:0
end_of_record
TN:
SF:src/helpers/validationHelper.ts
FNF:0
FNH:0
DA:1,1
DA:3,1
DA:8,1
DA:14,1
LF:4
LH:4
BRF:0
BRH:0
end_of_record
TN:
SF:src/schema/authSchema.ts
FNF:0
FNH:0
DA:1,1
LF:1
LH:1
BRF:0
BRH:0
end_of_record
